[08/22/2024 10:58:42.752]: Converting project file MyBlogs_SetUp.wixproj...
[08/22/2024 10:58:42.772]: C:\Users\abc\source\repos\MyBlogs\MyBlogs_SetUp\MyBlogs_SetUp.wixproj(38,6): Unrecognized WixExtension CheckPortAvailable.
[08/22/2024 10:58:44.529]: Converting file: C:\Users\abc\source\repos\MyBlogs\MyBlogs_SetUp\ComponentsGenerated.wxs...
[08/22/2024 10:58:44.565]: C:\Users\abc\source\repos\MyBlogs\MyBlogs_SetUp\ComponentsGenerated.wxs : information WIX0005: [Converted] This file contains an XML declaration on the first line. (DeclarationPresent)
[08/22/2024 10:58:44.565]: C:\Users\abc\source\repos\MyBlogs\MyBlogs_SetUp\ComponentsGenerated.wxs(1) : information WIX0009: [Converted] The namespace 'http://schemas.microsoft.com/wix/2006/wi' is out of date. It must be 'http://wixtoolset.org/schemas/v4/wxs'. (XmlnsValueWrong)
[08/22/2024 10:58:44.566]: Converting file: C:\Users\abc\source\repos\MyBlogs\MyBlogs_SetUp\Directories.wxs...
[08/22/2024 10:58:44.567]: C:\Users\abc\source\repos\MyBlogs\MyBlogs_SetUp\Directories.wxs : information WIX0005: [Converted] This file contains an XML declaration on the first line. (DeclarationPresent)
[08/22/2024 10:58:44.567]: C:\Users\abc\source\repos\MyBlogs\MyBlogs_SetUp\Directories.wxs(1) : information WIX0009: [Converted] The namespace 'http://schemas.microsoft.com/wix/2006/wi' is out of date. It must be 'http://wixtoolset.org/schemas/v4/wxs'. (XmlnsValueWrong)
[08/22/2024 10:58:44.567]: C:\Users\abc\source\repos\MyBlogs\MyBlogs_SetUp\Directories.wxs : information WIX0058: [Converted] The TARGETDIR directory should no longer be explicitly defined. Remove the Directory element with Id attribute 'TARGETDIR'. (TargetDirDeprecated)
[08/22/2024 10:58:44.567]: Converting file: C:\Users\abc\source\repos\MyBlogs\MyBlogs_SetUp\Product.wxs...
[08/22/2024 10:58:44.571]: C:\Users\abc\source\repos\MyBlogs\MyBlogs_SetUp\Product.wxs : information WIX0005: [Converted] This file contains an XML declaration on the first line. (DeclarationPresent)
[08/22/2024 10:58:44.571]: C:\Users\abc\source\repos\MyBlogs\MyBlogs_SetUp\Product.wxs(1) : information WIX0009: [Converted] The namespace 'http://schemas.microsoft.com/wix/2006/wi' is out of date. It must be 'http://wixtoolset.org/schemas/v4/wxs'. (XmlnsValueWrong)
[08/22/2024 10:58:44.571]: C:\Users\abc\source\repos\MyBlogs\MyBlogs_SetUp\Product.wxs(12) : information WIX0030: [Converted] The Product and Package elements have been renamed and reorganized for simplicity. (ProductAndPackageRenamed)
[08/22/2024 10:58:44.571]: C:\Users\abc\source\repos\MyBlogs\MyBlogs_SetUp\Product.wxs(23) : information WIX0022: [Converted] Using Property element text is deprecated. Use the 'Value' attribute instead. (InnerTextDeprecated)
[08/22/2024 10:58:44.571]: C:\Users\abc\source\repos\MyBlogs\MyBlogs_SetUp\Product.wxs(26) : information WIX0022: [Converted] Using Property element text is deprecated. Use the 'Value' attribute instead. (InnerTextDeprecated)
[08/22/2024 10:58:44.571]: C:\Users\abc\source\repos\MyBlogs\MyBlogs_SetUp\Product.wxs(50) : information WIX0029: [Converted] The CustomAction attributes have been renamed from BinaryKey and FileKey to BinaryRef and FileRef. (CustomActionKeysAreNowRefs)
[08/22/2024 10:58:44.571]: C:\Users\abc\source\repos\MyBlogs\MyBlogs_SetUp\Product.wxs(52) : information WIX0029: [Converted] The CustomAction attributes have been renamed from BinaryKey and FileKey to BinaryRef and FileRef. (CustomActionKeysAreNowRefs)
[08/22/2024 10:58:44.571]: C:\Users\abc\source\repos\MyBlogs\MyBlogs_SetUp\Product.wxs(56) : information WIX0022: [Converted] Using Custom element text is deprecated. Use the 'Condition' attribute instead. (InnerTextDeprecated)
[08/22/2024 10:58:44.571]: C:\Users\abc\source\repos\MyBlogs\MyBlogs_SetUp\Product.wxs(57) : information WIX0022: [Converted] Using Custom element text is deprecated. Use the 'Condition' attribute instead. (InnerTextDeprecated)
[08/22/2024 10:58:44.571]: Converting file: C:\Users\abc\source\repos\MyBlogs\MyBlogs_SetUp\WixUI_InstallDir.wxs...
[08/22/2024 10:58:44.573]: C:\Users\abc\source\repos\MyBlogs\MyBlogs_SetUp\WixUI_InstallDir.wxs(1) : information WIX0009: [Converted] The namespace 'http://schemas.microsoft.com/wix/2006/wi' is out of date. It must be 'http://wixtoolset.org/schemas/v4/wxs'. (XmlnsValueWrong)
[08/22/2024 10:58:44.573]: C:\Users\abc\source\repos\MyBlogs\MyBlogs_SetUp\WixUI_InstallDir.wxs(30) : information WIX0022: [Converted] Using Publish element text is deprecated. Use the 'Condition' attribute instead. (InnerTextDeprecated)
[08/22/2024 10:58:44.573]: C:\Users\abc\source\repos\MyBlogs\MyBlogs_SetUp\WixUI_InstallDir.wxs(30) : information WIX0026: [Converted] Adding Condition='1' on Publish elements is no longer necessary. Remove the Condition attribute. (PublishConditionOneUnnecessary)
[08/22/2024 10:58:44.573]: C:\Users\abc\source\repos\MyBlogs\MyBlogs_SetUp\WixUI_InstallDir.wxs(39) : information WIX0022: [Converted] Using Publish element text is deprecated. Use the 'Condition' attribute instead. (InnerTextDeprecated)
[08/22/2024 10:58:44.573]: C:\Users\abc\source\repos\MyBlogs\MyBlogs_SetUp\WixUI_InstallDir.wxs(44) : information WIX0022: [Converted] Using Publish element text is deprecated. Use the 'Condition' attribute instead. (InnerTextDeprecated)
[08/22/2024 10:58:44.573]: C:\Users\abc\source\repos\MyBlogs\MyBlogs_SetUp\WixUI_InstallDir.wxs(44) : information WIX0026: [Converted] Adding Condition='1' on Publish elements is no longer necessary. Remove the Condition attribute. (PublishConditionOneUnnecessary)
[08/22/2024 10:58:44.573]: C:\Users\abc\source\repos\MyBlogs\MyBlogs_SetUp\WixUI_InstallDir.wxs(49) : information WIX0022: [Converted] Using Publish element text is deprecated. Use the 'Condition' attribute instead. (InnerTextDeprecated)
[08/22/2024 10:58:44.573]: Converting file: C:\Users\abc\source\repos\MyBlogs\MyBlogs_SetUp\Common.wxl...
[08/22/2024 10:58:44.575]: C:\Users\abc\source\repos\MyBlogs\MyBlogs_SetUp\Common.wxl : information WIX0005: [Converted] This file contains an XML declaration on the first line. (DeclarationPresent)
[08/22/2024 10:58:44.575]: C:\Users\abc\source\repos\MyBlogs\MyBlogs_SetUp\Common.wxl(1) : information WIX0009: [Converted] The namespace 'http://schemas.microsoft.com/wix/2006/localization' is out of date. It must be 'http://wixtoolset.org/schemas/v4/wxl'. (XmlnsValueWrong)
[08/22/2024 10:58:44.575]: C:\Users\abc\source\repos\MyBlogs\MyBlogs_SetUp\Common.wxl(3) : information WIX0022: [Converted] Using String element text is deprecated. Use the 'Value' attribute instead. (InnerTextDeprecated)
[08/22/2024 10:58:44.575]: C:\Users\abc\source\repos\MyBlogs\MyBlogs_SetUp\Common.wxl(5) : information WIX0022: [Converted] Using String element text is deprecated. Use the 'Value' attribute instead. (InnerTextDeprecated)
[08/22/2024 10:58:44.575]: C:\Users\abc\source\repos\MyBlogs\MyBlogs_SetUp\Common.wxl(6) : information WIX0022: [Converted] Using String element text is deprecated. Use the 'Value' attribute instead. (InnerTextDeprecated)
[08/22/2024 10:58:44.575]: C:\Users\abc\source\repos\MyBlogs\MyBlogs_SetUp\Common.wxl(7) : information WIX0022: [Converted] Using String element text is deprecated. Use the 'Value' attribute instead. (InnerTextDeprecated)
[08/22/2024 10:58:44.575]: C:\Users\abc\source\repos\MyBlogs\MyBlogs_SetUp\Common.wxl(9) : information WIX0022: [Converted] Using String element text is deprecated. Use the 'Value' attribute instead. (InnerTextDeprecated)
[08/22/2024 10:58:44.575]: C:\Users\abc\source\repos\MyBlogs\MyBlogs_SetUp\Common.wxl(10) : information WIX0022: [Converted] Using String element text is deprecated. Use the 'Value' attribute instead. (InnerTextDeprecated)
[08/22/2024 10:58:44.575]: C:\Users\abc\source\repos\MyBlogs\MyBlogs_SetUp\Common.wxl(12) : information WIX0022: [Converted] Using String element text is deprecated. Use the 'Value' attribute instead. (InnerTextDeprecated)
[08/22/2024 10:58:44.575]: C:\Users\abc\source\repos\MyBlogs\MyBlogs_SetUp\Common.wxl(13) : information WIX0022: [Converted] Using String element text is deprecated. Use the 'Value' attribute instead. (InnerTextDeprecated)
[08/22/2024 10:58:44.575]: C:\Users\abc\source\repos\MyBlogs\MyBlogs_SetUp\Common.wxl(15) : information WIX0022: [Converted] Using String element text is deprecated. Use the 'Value' attribute instead. (InnerTextDeprecated)
[08/22/2024 10:58:44.575]: C:\Users\abc\source\repos\MyBlogs\MyBlogs_SetUp\Common.wxl(17) : information WIX0022: [Converted] Using String element text is deprecated. Use the 'Value' attribute instead. (InnerTextDeprecated)
[08/22/2024 10:58:44.575]: C:\Users\abc\source\repos\MyBlogs\MyBlogs_SetUp\Common.wxl(19) : information WIX0022: [Converted] Using String element text is deprecated. Use the 'Value' attribute instead. (InnerTextDeprecated)
[08/22/2024 10:58:44.577]: ---- Project MyBlogs_SetUp: Converted 5 files.
[08/22/2024 10:58:44.577]: ---- Total time: 01.834
[08/22/2024 10:58:44.577]: ========== Import complete:  0 errors, 0 warnings
